[36mvite v6.3.5 [32mbuilding for production...[36m[39m
transforming...
[32mΓ£ô[39m 2 modules transformed.
node.exe : 
[31mΓ£ù[39m Build 
failed in 58ms
At C:\Program Files\no
dejs\npx.ps1:29 char:3
+   & $NODE_EXE 
$NPX_CLI_JS $args
+   ~~~~~~~~~~~~~~~~~~
~~~~~~~~~~~
    + CategoryInfo    
          : NotSpeci  
  fied: ([31mΓ£ù[   
 39m Build failed     
in 58ms:String) [    
], RemoteExceptio    n
    + FullyQualifiedE 
   rrorId : NativeCo  
  mmandError
 
[31merror during 
build:
[31m[vite]: Rollup 
failed to resolve 
import 
"react/jsx-runtime" 
from "C:/Users/Lenovo/
OneDrive/Desktop/UI/Ui
Repository/src/main.ts
x".
This is most likely 
unintended because it 
can break your 
application at 
runtime.
If you do want to 
externalize this 
module explicitly add 
it to
`build.rollupOptions.e
xternal`[31m
    at viteLog (file:/
//C:/Users/Lenovo/OneD
rive/Desktop/UI/UiRepo
sitory/node_modules/vi
te/dist/node/chunks/de
p-DBxKXgDP.js:46345:15
)
    at file:///C:/User
s/Lenovo/OneDrive/Desk
top/UI/UiRepository/no
de_modules/vite/dist/n
ode/chunks/dep-DBxKXgD
P.js:46403:18
    at onwarn (file://
/C:/Users/Lenovo/OneDr
ive/Desktop/UI/UiRepos
itory/node_modules/@vi
tejs/plugin-react/dist
/index.js:90:7)
    at file:///C:/User
s/Lenovo/OneDrive/Desk
top/UI/UiRepository/no
de_modules/vite/dist/n
ode/chunks/dep-DBxKXgD
P.js:46401:7
    at onRollupLog (fi
le:///C:/Users/Lenovo/
OneDrive/Desktop/UI/Ui
Repository/node_module
s/vite/dist/node/chunk
s/dep-DBxKXgDP.js:4639
3:5)
    at onLog (file:///
C:/Users/Lenovo/OneDri
ve/Desktop/UI/UiReposi
tory/node_modules/vite
/dist/node/chunks/dep-
DBxKXgDP.js:46043:7)
    at file:///C:/User
s/Lenovo/OneDrive/Desk
top/UI/UiRepository/no
de_modules/rollup/dist
/es/shared/node-entry.
js:20981:32
    at Object.logger 
[as onLog] (file:///C:
/Users/Lenovo/OneDrive
/Desktop/UI/UiReposito
ry/node_modules/rollup
/dist/es/shared/node-e
ntry.js:22968:9)
    at ModuleLoader.ha
ndleInvalidResolvedId 
(file:///C:/Users/Leno
vo/OneDrive/Desktop/UI
/UiRepository/node_mod
ules/rollup/dist/es/sh
ared/node-entry.js:217
12:26)
    at file:///C:/User
s/Lenovo/OneDrive/Desk
top/UI/UiRepository/no
de_modules/rollup/dist
/es/shared/node-entry.
js:21670:26[39m
